<?xml version="1.0" encoding="UTF-8"?>
<!-- Generated by org.testng.reporters.JUnitReportReporter -->
<testsuite hostname="DESKTOP-7UK22H3" failures="0" tests="1" name="testCases.TC_003_Logout" time="5.427" errors="0" timestamp="2023-07-02T18:58:01 GMT-04:00" skipped="0">
  <testcase classname="testCases.TC_003_Logout" name="test_Logout" time="5.427"/>
  <system-out/>
</testsuite> <!-- testCases.TC_003_Logout -->
