<?xml version="1.0" encoding="UTF-8"?>
<!-- Generated by org.testng.reporters.JUnitReportReporter -->
<testsuite hostname="DESKTOP-7UK22H3" failures="0" tests="1" name="testCases.TC_002_Login" time="4.468" errors="0" timestamp="2023-07-02T18:55:51 GMT-04:00" skipped="0">
  <testcase classname="testCases.TC_002_Login" name="test_Login" time="4.468"/>
  <system-out/>
</testsuite> <!-- testCases.TC_002_Login -->
